<?xml version="1.0" encoding="UTF-8"?>
<!-- Generated by org.testng.reporters.JUnitReportReporter -->
<testsuite hostname="DESKTOP-H0SHG5R" failures="0" tests="2" name="test.PrallelTest" time="12.913" errors="0" timestamp="2023-02-26T09:37:32 IST" skipped="0">
  <testcase classname="test.PrallelTest" name="facebook2" time="5.121"/>
  <system-out/>
  <testcase classname="test.PrallelTest" name="launchFirefox" time="7.792"/>
  <system-out/>
</testsuite> <!-- test.PrallelTest -->
